<?xml version="1.0" encoding="UTF-8"?>
<!-- Generated by org.testng.reporters.JUnitReportReporter -->
<testsuite hostname="KSHIRSAGAR_PC" name="Test.Test1" tests="1" failures="0" timestamp="14 Nov 2024 15:39:12 GMT" time="7.892" errors="0">
  <testcase name="firstTest" time="7.892" classname="Test.Test1"/>
</testsuite> <!-- Test.Test1 -->
